# JRE version: Java(TM) SE Runtime Environment (8.0_31-b13) (build 1.8.0_31-b13)
# Java VM: Java HotSpot(TM) 64-Bit Server VM (25.31-b07 mixed mode bsd-amd64 compressed oops)
Heap:
 par new generation   total 306688K, used 68972K [0x0000000740000000, 0x0000000754cc0000, 0x0000000754cc0000)
  eden space 272640K,  25% used [0x0000000740000000, 0x000000074435b138, 0x0000000750a40000)
  from space 34048K,   0% used [0x0000000752b80000, 0x0000000752b80000, 0x0000000754cc0000)
  to   space 34048K,   0% used [0x0000000750a40000, 0x0000000750a40000, 0x0000000752b80000)
 concurrent mark-sweep generation total 776532K, used 313318K [0x0000000754cc0000, 0x0000000784315000, 0x00000007c0000000)
 Metaspace       used 38631K, capacity 39952K, committed 44544K, reserved 1085440K
  class space    used 6184K, capacity 6863K, committed 8192K, reserved 1048576K
GC Heap History (10 events):
Event: 8559.072 GC heap before
{Heap before GC invocations=500 (full 469):
 par new generation   total 306688K, used 11204K [0x0000000740000000, 0x0000000754cc0000, 0x0000000754cc0000)
  eden space 272640K,   4% used [0x0000000740000000, 0x0000000740af1200, 0x0000000750a40000)
  from space 34048K,   0% used [0x0000000750a40000, 0x0000000750a40000, 0x0000000752b80000)
  to   space 34048K,   0% used [0x0000000752b80000, 0x0000000752b80000, 0x0000000754cc0000)
 concurrent mark-sweep generation total 776532K, used 318587K [0x0000000754cc0000, 0x0000000784315000, 0x00000007c0000000)
 Metaspace       used 38624K, capacity 39952K, committed 44544K, reserved 1085440K
  class space    used 6184K, capacity 6863K, committed 8192K, reserved 1048576K
Event: 8559.211 GC heap after
Heap after GC invocations=501 (full 470):
 par new generation   total 306688K, used 0K [0x0000000740000000, 0x0000000754cc0000, 0x0000000754cc0000)
  eden space 272640K,   0% used [0x0000000740000000, 0x0000000740000000, 0x0000000750a40000)
  from space 34048K,   0% used [0x0000000750a40000, 0x0000000750a40000, 0x0000000752b80000)
  to   space 34048K,   0% used [0x0000000752b80000, 0x0000000752b80000, 0x0000000754cc0000)
 concurrent mark-sweep generation total 776532K, used 315311K [0x0000000754cc0000, 0x0000000784315000, 0x00000007c0000000)
 Metaspace       used 38624K, capacity 39952K, committed 44544K, reserved 1085440K
  class space    used 6184K, capacity 6863K, committed 8192K, reserved 1048576K
}
Event: 8624.027 GC heap before
{Heap before GC invocations=501 (full 470):
 par new generation   total 306688K, used 269698K [0x0000000740000000, 0x0000000754cc0000, 0x0000000754cc0000)
  eden space 272640K,  98% used [0x0000000740000000, 0x0000000750760ab8, 0x0000000750a40000)
  from space 34048K,   0% used [0x0000000750a40000, 0x0000000750a40000, 0x0000000752b80000)
  to   space 34048K,   0% used [0x0000000752b80000, 0x0000000752b80000, 0x0000000754cc0000)
 concurrent mark-sweep generation total 776532K, used 315311K [0x0000000754cc0000, 0x0000000784315000, 0x00000007c0000000)
 Metaspace       used 39167K, capacity 40584K, committed 44544K, reserved 1085440K
  class space    used 6324K, capacity 7031K, committed 8192K, reserved 1048576K
Event: 8624.036 GC heap after
Heap after GC invocations=502 (full 470):
 par new generation   total 306688K, used 34048K [0x0000000740000000, 0x0000000754cc0000, 0x0000000754cc0000)
  eden space 272640K,   0% used [0x0000000740000000, 0x0000000740000000, 0x0000000750a40000)
  from space 34048K, 100% used [0x0000000752b80000, 0x0000000754cc0000, 0x0000000754cc0000)
  to   space 34048K,   0% used [0x0000000750a40000, 0x0000000750a40000, 0x0000000752b80000)
 concurrent mark-sweep generation total 776532K, used 315668K [0x0000000754cc0000, 0x0000000784315000, 0x00000007c0000000)
 Metaspace       used 39167K, capacity 40584K, committed 44544K, reserved 1085440K
  class space    used 6324K, capacity 7031K, committed 8192K, reserved 1048576K
}
Event: 8625.069 GC heap before
{Heap before GC invocations=502 (full 470):
 par new generation   total 306688K, used 276020K [0x0000000740000000, 0x0000000754cc0000, 0x0000000754cc0000)
  eden space 272640K,  88% used [0x0000000740000000, 0x000000074ec4d0b0, 0x0000000750a40000)
  from space 34048K, 100% used [0x0000000752b80000, 0x0000000754cc0000, 0x0000000754cc0000)
  to   space 34048K,   0% used [0x0000000750a40000, 0x0000000750a40000, 0x0000000752b80000)
 concurrent mark-sweep generation total 776532K, used 315668K [0x0000000754cc0000, 0x0000000784315000, 0x00000007c0000000)
 Metaspace       used 39204K, capacity 40584K, committed 44544K, reserved 1085440K
  class space    used 6325K, capacity 7031K, committed 8192K, reserved 1048576K
Event: 8625.212 GC heap after
Heap after GC invocations=503 (full 471):
 par new generation   total 306688K, used 0K [0x0000000740000000, 0x0000000754cc0000, 0x0000000754cc0000)
  eden space 272640K,   0% used [0x0000000740000000, 0x0000000740000000, 0x0000000750a40000)
  from space 34048K,   0% used [0x0000000752b80000, 0x0000000752b80000, 0x0000000754cc0000)
  to   space 34048K,   0% used [0x0000000750a40000, 0x0000000750a40000, 0x0000000752b80000)
 concurrent mark-sweep generation total 776532K, used 317264K [0x0000000754cc0000, 0x0000000784315000, 0x00000007c0000000)
 Metaspace       used 38609K, capacity 39952K, committed 44544K, reserved 1085440K
  class space    used 6184K, capacity 6863K, committed 8192K, reserved 1048576K
}
Event: 8625.213 GC heap before
{Heap before GC invocations=503 (full 471):
 par new generation   total 306688K, used 5398K [0x0000000740000000, 0x0000000754cc0000, 0x0000000754cc0000)
  eden space 272640K,   1% used [0x0000000740000000, 0x0000000740545b38, 0x0000000750a40000)
  from space 34048K,   0% used [0x0000000752b80000, 0x0000000752b80000, 0x0000000754cc0000)
  to   space 34048K,   0% used [0x0000000750a40000, 0x0000000750a40000, 0x0000000752b80000)
 concurrent mark-sweep generation total 776532K, used 317264K [0x0000000754cc0000, 0x0000000784315000, 0x00000007c0000000)
 Metaspace       used 38609K, capacity 39952K, committed 44544K, reserved 1085440K
  class space    used 6184K, capacity 6863K, committed 8192K, reserved 1048576K
Event: 8625.313 GC heap after
Heap after GC invocations=504 (full 472):
 par new generation   total 306688K, used 0K [0x0000000740000000, 0x0000000754cc0000, 0x0000000754cc0000)
  eden space 272640K,   0% used [0x0000000740000000, 0x0000000740000000, 0x0000000750a40000)
  from space 34048K,   0% used [0x0000000752b80000, 0x0000000752b80000, 0x0000000754cc0000)
  to   space 34048K,   0% used [0x0000000750a40000, 0x0000000750a40000, 0x0000000752b80000)
 concurrent mark-sweep generation total 776532K, used 317263K [0x0000000754cc0000, 0x0000000784315000, 0x00000007c0000000)
 Metaspace       used 38609K, capacity 39952K, committed 44544K, reserved 1085440K
  class space    used 6184K, capacity 6863K, committed 8192K, reserved 1048576K
}
Event: 8634.623 GC heap before
{Heap before GC invocations=504 (full 473):
 par new generation   total 306688K, used 13235K [0x0000000740000000, 0x0000000754cc0000, 0x0000000754cc0000)
  eden space 272640K,   4% used [0x0000000740000000, 0x0000000740cecd10, 0x0000000750a40000)
  from space 34048K,   0% used [0x0000000752b80000, 0x0000000752b80000, 0x0000000754cc0000)
  to   space 34048K,   0% used [0x0000000750a40000, 0x0000000750a40000, 0x0000000752b80000)
 concurrent mark-sweep generation total 776532K, used 316584K [0x0000000754cc0000, 0x0000000784315000, 0x00000007c0000000)
 Metaspace       used 38631K, capacity 39952K, committed 44544K, reserved 1085440K
  class space    used 6184K, capacity 6863K, committed 8192K, reserved 1048576K
Event: 8634.741 GC heap after
Heap after GC invocations=505 (full 474):
 par new generation   total 306688K, used 0K [0x0000000740000000, 0x0000000754cc0000, 0x0000000754cc0000)
  eden space 272640K,   0% used [0x0000000740000000, 0x0000000740000000, 0x0000000750a40000)
  from space 34048K,   0% used [0x0000000752b80000, 0x0000000752b80000, 0x0000000754cc0000)
  to   space 34048K,   0% used [0x0000000750a40000, 0x0000000750a40000, 0x0000000752b80000)
 concurrent mark-sweep generation total 776532K, used 313318K [0x0000000754cc0000, 0x0000000784315000, 0x00000007c0000000)
 Metaspace       used 38631K, capacity 39952K, committed 44544K, reserved 1085440K
  class space    used 6184K, capacity 6863K, committed 8192K, reserved 1048576K
}

